[Fri, 28 Oct 2022 23:14:32] DEBUG [connectionpool.py._new_conn:1003] Starting new HTTPS connection (1): api.telegram.org:443
[Fri, 28 Oct 2022 23:14:32] DEBUG [connectionpool.py._make_request:456] https://api.telegram.org:443 "GET /bot5780986973:AAGlUFYtbCz6elWTsgEjjdXz1ILIw1yJUHI/getMe HTTP/1.1" 200 195
[Fri, 28 Oct 2022 23:14:32] DEBUG [connectionpool.py._new_conn:1003] Starting new HTTPS connection (1): api.telegram.org:443
[Fri, 28 Oct 2022 23:14:53] DEBUG [connectionpool.py._make_request:456] https://api.telegram.org:443 "GET /bot5780986973:AAGlUFYtbCz6elWTsgEjjdXz1ILIw1yJUHI/getUpdates?offset=1&timeout=20 HTTP/1.1" 200 23
[Fri, 28 Oct 2022 23:15:13] DEBUG [connectionpool.py._make_request:456] https://api.telegram.org:443 "GET /bot5780986973:AAGlUFYtbCz6elWTsgEjjdXz1ILIw1yJUHI/getUpdates?offset=1&timeout=20 HTTP/1.1" 200 23
[Fri, 28 Oct 2022 23:15:15] DEBUG [connectionpool.py._make_request:456] https://api.telegram.org:443 "GET /bot5780986973:AAGlUFYtbCz6elWTsgEjjdXz1ILIw1yJUHI/getUpdates?offset=1&timeout=20 HTTP/1.1" 200 290
[Fri, 28 Oct 2022 23:15:16] DEBUG [connectionpool.py._make_request:456] https://api.telegram.org:443 "GET /bot5780986973:AAGlUFYtbCz6elWTsgEjjdXz1ILIw1yJUHI/getUpdates?offset=141144329&timeout=20 HTTP/1.1" 200 484
[Fri, 28 Oct 2022 23:15:16] DEBUG [connectionpool.py._new_conn:1003] Starting new HTTPS connection (1): api.telegram.org:443
[Fri, 28 Oct 2022 23:15:16] DEBUG [connectionpool.py._make_request:456] https://api.telegram.org:443 "POST /bot5780986973:AAGlUFYtbCz6elWTsgEjjdXz1ILIw1yJUHI/sendMessage?chat_id=351178400&text=Hi%2C+%D0%A1%D0%B5%D1%80%D0%B0%D1%84%D0%B8%D0%BC%F0%9F%87%BA%F0%9F%87%A6%E2%9C%8A HTTP/1.1" 200 382
[Fri, 28 Oct 2022 23:15:36] DEBUG [connectionpool.py._make_request:456] https://api.telegram.org:443 "GET /bot5780986973:AAGlUFYtbCz6elWTsgEjjdXz1ILIw1yJUHI/getUpdates?offset=141144330&timeout=20 HTTP/1.1" 200 23
[Fri, 28 Oct 2022 23:15:56] DEBUG [connectionpool.py._make_request:456] https://api.telegram.org:443 "GET /bot5780986973:AAGlUFYtbCz6elWTsgEjjdXz1ILIw1yJUHI/getUpdates?offset=141144330&timeout=20 HTTP/1.1" 200 23
[Fri, 28 Oct 2022 23:16:10] DEBUG [connectionpool.py._make_request:456] https://api.telegram.org:443 "GET /bot5780986973:AAGlUFYtbCz6elWTsgEjjdXz1ILIw1yJUHI/getUpdates?offset=141144330&timeout=20 HTTP/1.1" 200 344
[Fri, 28 Oct 2022 23:16:10] DEBUG [connectionpool.py._new_conn:1003] Starting new HTTPS connection (1): api.telegram.org:443
[Fri, 28 Oct 2022 23:16:11] DEBUG [connectionpool.py._make_request:456] https://api.telegram.org:443 "POST /bot5780986973:AAGlUFYtbCz6elWTsgEjjdXz1ILIw1yJUHI/sendMessage?chat_id=386048630&text=Hi%2C+RBR HTTP/1.1" 200 243
[Fri, 28 Oct 2022 23:16:11] DEBUG [main.py.start:21] User: RBR started
[Fri, 28 Oct 2022 23:16:30] DEBUG [connectionpool.py._make_request:456] https://api.telegram.org:443 "GET /bot5780986973:AAGlUFYtbCz6elWTsgEjjdXz1ILIw1yJUHI/getUpdates?offset=141144331&timeout=20 HTTP/1.1" 200 23
[Fri, 28 Oct 2022 23:16:50] DEBUG [connectionpool.py._make_request:456] https://api.telegram.org:443 "GET /bot5780986973:AAGlUFYtbCz6elWTsgEjjdXz1ILIw1yJUHI/getUpdates?offset=141144331&timeout=20 HTTP/1.1" 200 23
[Fri, 28 Oct 2022 23:17:11] DEBUG [connectionpool.py._make_request:456] https://api.telegram.org:443 "GET /bot5780986973:AAGlUFYtbCz6elWTsgEjjdXz1ILIw1yJUHI/getUpdates?offset=141144331&timeout=20 HTTP/1.1" 200 23
[Fri, 28 Oct 2022 23:17:31] DEBUG [connectionpool.py._make_request:456] https://api.telegram.org:443 "GET /bot5780986973:AAGlUFYtbCz6elWTsgEjjdXz1ILIw1yJUHI/getUpdates?offset=141144331&timeout=20 HTTP/1.1" 200 23
[Fri, 28 Oct 2022 23:17:51] DEBUG [connectionpool.py._make_request:456] https://api.telegram.org:443 "GET /bot5780986973:AAGlUFYtbCz6elWTsgEjjdXz1ILIw1yJUHI/getUpdates?offset=141144331&timeout=20 HTTP/1.1" 200 23
